android-twa/app/build/intermediates/manifest_merge_blame_file/release/manifest-merger-blame-release-report.txt
1<?xml version="1.0" encoding="utf-8"?>
2<manifest xmlns:android="http://schemas.android.com/apk/res/android"
3    package="com.monkeyphone.trackmonk"
4    android:versionCode="1"
5    android:versionName="1.0.0" >
6
7    <uses-sdk
8        android:minSdkVersion="24"
9        android:targetSdkVersion="34" />
10
11    <uses-permission android:name="android.permission.ACCESS_FINE_LOCATION" />
11-->src/main/AndroidManifest.xml:4:5-79
11-->src/main/AndroidManifest.xml:4:22-76
12    <uses-permission android:name="android.permission.ACCESS_COARSE_LOCATION" />
12-->src/main/AndroidManifest.xml:5:5-81
12-->src/main/AndroidManifest.xml:5:22-78
13    <uses-permission android:name="android.permission.ACCESS_BACKGROUND_LOCATION" />
13-->src/main/AndroidManifest.xml:6:5-85
13-->src/main/AndroidManifest.xml:6:22-82
14    <uses-permission android:name="android.permission.INTERNET" />
14-->src/main/AndroidManifest.xml:7:5-67
14-->src/main/AndroidManifest.xml:7:22-64
15    <uses-permission android:name="android.permission.FOREGROUND_SERVICE" />
15-->src/main/AndroidManifest.xml:8:5-77
15-->src/main/AndroidManifest.xml:8:22-74
16    <uses-permission android:name="android.permission.FOREGROUND_SERVICE_LOCATION" />
16-->src/main/AndroidManifest.xml:9:5-86
16-->src/main/AndroidManifest.xml:9:22-83
17    <uses-permission android:name="android.permission.POST_NOTIFICATIONS" />
17-->src/main/AndroidManifest.xml:10:5-77
17-->src/main/AndroidManifest.xml:10:22-74
18    <uses-permission android:name="android.permission.RECEIVE_BOOT_COMPLETED" />
18-->src/main/AndroidManifest.xml:11:5-81
18-->src/main/AndroidManifest.xml:11:22-78
19    <uses-permission android:name="android.permission.WAKE_LOCK" />
19-->src/main/AndroidManifest.xml:12:5-68
19-->src/main/AndroidManifest.xml:12:22-65
20
21    <queries>
21-->[com.google.androidbrowserhelper:androidbrowserhelper:2.5.0] AndroidManifest.xml:26:5-34:15
22        <intent>
22-->[com.google.androidbrowserhelper:androidbrowserhelper:2.5.0] AndroidManifest.xml:27:9-33:18
23            <action android:name="android.intent.action.VIEW" />
23-->src/main/AndroidManifest.xml:67:17-69
23-->src/main/AndroidManifest.xml:67:25-66
24
25            <category android:name="android.intent.category.BROWSABLE" />
25-->src/main/AndroidManifest.xml:69:17-78
25-->src/main/AndroidManifest.xml:69:27-75
26
27            <data android:scheme="https" />
27-->src/main/AndroidManifest.xml:70:23-45
28        </intent>
29    </queries>
30
31    <application
32        android:allowBackup="true"
32-->src/main/AndroidManifest.xml:15:9-35
33        android:appComponentFactory="androidx.core.app.CoreComponentFactory"
33-->[androidx.core:core:1.1.0] AndroidManifest.xml:24:18-86
34        android:extractNativeLibs="false"
35        android:icon="@mipmap/ic_launcher"
35-->src/main/AndroidManifest.xml:16:9-43
36        android:label="TrackMonk"
36-->src/main/AndroidManifest.xml:17:9-40
37        android:theme="@style/Theme.TrackMonk" >
37-->src/main/AndroidManifest.xml:18:9-47
38        <meta-data
39            android:name="asset_statements"
39-->src/main/AndroidManifest.xml:21:13-44
40            android:value="[{&quot;relation&quot;: [&quot;delegate_permission/common.handle_all_urls&quot;], &quot;target&quot;: {&quot;namespace&quot;: &quot;web&quot;, &quot;site&quot;: &quot;https://trackmonk.monkeyfon.com&quot;}}]" />
40-->src/main/AndroidManifest.xml:22:13-47
41
42        <activity
42-->src/main/AndroidManifest.xml:24:9-72:20
43            android:name="com.google.androidbrowserhelper.trusted.LauncherActivity"
43-->src/main/AndroidManifest.xml:25:13-84
44            android:exported="true"
44-->src/main/AndroidManifest.xml:26:13-36
45            android:screenOrientation="portrait" >
45-->src/main/AndroidManifest.xml:27:13-49
46            <meta-data
47                android:name="android.support.customtabs.trusted.DEFAULT_URL"
47-->src/main/AndroidManifest.xml:30:17-78
48                android:value="https://trackmonk.monkeyfon.com/index.html" />
48-->src/main/AndroidManifest.xml:31:17-46
49            <meta-data
49-->src/main/AndroidManifest.xml:33:13-35:45
50                android:name="android.support.customtabs.trusted.STATUS_BAR_COLOR"
50-->src/main/AndroidManifest.xml:34:17-83
51                android:value="#FF22c55e" />
51-->src/main/AndroidManifest.xml:35:17-42
52            <meta-data
52-->src/main/AndroidManifest.xml:37:13-39:45
53                android:name="android.support.customtabs.trusted.NAVIGATION_BAR_COLOR"
53-->src/main/AndroidManifest.xml:38:17-87
54                android:value="#FF000000" />
54-->src/main/AndroidManifest.xml:39:17-42
55            <meta-data
55-->src/main/AndroidManifest.xml:41:13-43:58
56                android:name="android.support.customtabs.trusted.SPLASH_IMAGE_DRAWABLE"
56-->src/main/AndroidManifest.xml:42:17-88
57                android:resource="@mipmap/ic_launcher" />
57-->src/main/AndroidManifest.xml:43:17-55
58            <meta-data
58-->src/main/AndroidManifest.xml:45:13-47:45
59                android:name="android.support.customtabs.trusted.SPLASH_SCREEN_BACKGROUND_COLOR"
59-->src/main/AndroidManifest.xml:46:17-97
60                android:value="#FFffffff" />
60-->src/main/AndroidManifest.xml:47:17-42
61            <meta-data
61-->src/main/AndroidManifest.xml:49:13-51:39
62                android:name="android.support.customtabs.trusted.SPLASH_SCREEN_FADE_OUT_DURATION"
62-->src/main/AndroidManifest.xml:50:17-98
63                android:value="300" />
63-->src/main/AndroidManifest.xml:51:17-36
64            <meta-data
65                android:name="android.support.customtabs.trusted.FILE_PROVIDER_AUTHORITY"
65-->src/main/AndroidManifest.xml:54:17-90
66                android:value="com.monkeyphone.trackmonk.fileprovider" />
66-->src/main/AndroidManifest.xml:55:17-62
67            <meta-data
67-->src/main/AndroidManifest.xml:57:13-59:62
68                android:name="android.support.customtabs.trusted.FALLBACK_STRATEGY"
68-->src/main/AndroidManifest.xml:58:17-84
69                android:value="@string/fallbackCustomTabs" />
69-->src/main/AndroidManifest.xml:59:17-59
70
71            <intent-filter>
71-->src/main/AndroidManifest.xml:61:13-64:29
72                <action android:name="android.intent.action.MAIN" />
72-->src/main/AndroidManifest.xml:62:17-69
72-->src/main/AndroidManifest.xml:62:25-66
73
74                <category android:name="android.intent.category.LAUNCHER" />
74-->src/main/AndroidManifest.xml:63:17-77
74-->src/main/AndroidManifest.xml:63:27-74
75            </intent-filter>
76            <intent-filter android:autoVerify="true" >
76-->src/main/AndroidManifest.xml:66:13-71:29
76-->src/main/AndroidManifest.xml:66:28-53
77                <action android:name="android.intent.action.VIEW" />
77-->src/main/AndroidManifest.xml:67:17-69
77-->src/main/AndroidManifest.xml:67:25-66
78
79                <category android:name="android.intent.category.DEFAULT" />
79-->src/main/AndroidManifest.xml:68:17-76
79-->src/main/AndroidManifest.xml:68:27-73
80                <category android:name="android.intent.category.BROWSABLE" />
80-->src/main/AndroidManifest.xml:69:17-78
80-->src/main/AndroidManifest.xml:69:27-75
81
82                <data
83                    android:host="trackmonk.monkeyfon.com"
83-->src/main/AndroidManifest.xml:70:46-72
84                    android:scheme="https" />
84-->src/main/AndroidManifest.xml:70:23-45
85            </intent-filter>
86        </activity>
87        <activity android:name="com.google.androidbrowserhelper.trusted.FocusActivity" />
87-->src/main/AndroidManifest.xml:74:9-90
87-->src/main/AndroidManifest.xml:74:19-87
88
89        <service
89-->src/main/AndroidManifest.xml:76:9-84:19
90            android:name="com.google.androidbrowserhelper.trusted.DelegationService"
90-->src/main/AndroidManifest.xml:77:13-85
91            android:enabled="true"
91-->src/main/AndroidManifest.xml:78:13-35
92            android:exported="true" >
92-->src/main/AndroidManifest.xml:79:13-36
93            <intent-filter>
93-->src/main/AndroidManifest.xml:80:13-83:29
94                <action android:name="android.support.customtabs.trusted.TRUSTED_WEB_ACTIVITY_SERVICE" />
94-->src/main/AndroidManifest.xml:81:17-106
94-->src/main/AndroidManifest.xml:81:25-103
95
96                <category android:name="android.intent.category.DEFAULT" />
96-->src/main/AndroidManifest.xml:68:17-76
96-->src/main/AndroidManifest.xml:68:27-73
97            </intent-filter>
98        </service>
99
100        <activity
100-->src/main/AndroidManifest.xml:86:9-88:62
101            android:name="com.google.androidbrowserhelper.trusted.WebViewFallbackActivity"
101-->src/main/AndroidManifest.xml:87:13-91
102            android:configChanges="orientation|screenSize" />
102-->src/main/AndroidManifest.xml:88:13-59
103
104        <provider
105            android:name="androidx.core.content.FileProvider"
105-->src/main/AndroidManifest.xml:91:13-62
106            android:authorities="com.monkeyphone.trackmonk.fileprovider"
106-->src/main/AndroidManifest.xml:92:13-64
107            android:exported="false"
107-->src/main/AndroidManifest.xml:93:13-37
108            android:grantUriPermissions="true" />
108-->src/main/AndroidManifest.xml:94:13-47
109    </application>
110
111</manifest>